2024-10-02 11:47:09.372 [info] Added views:workbench.panel.markers.view in workbench.panel.markers
2024-10-02 11:47:09.372 [info] Added views:workbench.panel.output in workbench.panel.output
2024-10-02 11:47:09.372 [info] Added views:terminal in terminal
2024-10-02 11:47:09.372 [info] Added views:outline in workbench.view.explorer
2024-10-02 11:47:09.372 [info] Added views:workbench.scm in workbench.view.scm
2024-10-02 11:47:09.372 [info] Added views:workbench.view.search in workbench.view.search
2024-10-02 11:47:09.372 [info] Added views:timeline in workbench.view.explorer
2024-10-02 11:47:09.372 [info] Added views:workbench.explorer.emptyView in workbench.view.explorer
2024-10-02 11:47:09.724 [info] Added views:workbench.debug.variablesView,workbench.debug.watchExpressionsView,workbench.debug.callStackView,workbench.debug.breakPointsView in workbench.view.debug
2024-10-02 11:47:09.736 [info] Added views:workbench.panel.repl.view in workbench.panel.repl
2024-10-02 11:47:09.737 [info] Removed views:workbench.debug.breakPointsView,workbench.debug.callStackView,workbench.debug.watchExpressionsView,workbench.debug.variablesView from workbench.view.debug
2024-10-02 11:47:09.738 [info] Added views:workbench.debug.welcome in workbench.view.debug
2024-10-02 11:47:09.845 [info] Added views:~remote.forwardedPorts in ~remote.forwardedPortsContainer
2024-10-02 11:47:18.183 [info] Added views:workbench.panel.markers.view in workbench.panel.markers
2024-10-02 11:47:18.183 [info] Added views:workbench.panel.output in workbench.panel.output
2024-10-02 11:47:18.183 [info] Added views:terminal in terminal
2024-10-02 11:47:18.183 [info] Added views:outline in workbench.view.explorer
2024-10-02 11:47:18.183 [info] Added views:workbench.scm in workbench.view.scm
2024-10-02 11:47:18.183 [info] Added views:workbench.view.search in workbench.view.search
2024-10-02 11:47:18.183 [info] Added views:timeline in workbench.view.explorer
2024-10-02 11:47:18.183 [info] Added views:workbench.explorer.fileView in workbench.view.explorer
2024-10-02 11:47:18.518 [info] Added views:workbench.debug.variablesView,workbench.debug.watchExpressionsView,workbench.debug.callStackView,workbench.debug.breakPointsView in workbench.view.debug
2024-10-02 11:47:18.552 [info] Added views:~remote.forwardedPorts in ~remote.forwardedPortsContainer
2024-10-02 11:47:18.575 [info] Added views:workbench.panel.repl.view in workbench.panel.repl
2024-10-02 11:47:18.576 [info] Removed views:workbench.debug.breakPointsView,workbench.debug.callStackView,workbench.debug.watchExpressionsView,workbench.debug.variablesView from workbench.view.debug
2024-10-02 11:47:18.577 [info] Added views:workbench.debug.welcome in workbench.view.debug
