2024-09-30 13:12:59.192 [info] [main] Log level: Info
2024-09-30 13:12:59.192 [info] [main] Validating found git in: "git"
2024-09-30 13:12:59.192 [info] [main] Using git "2.43.5" from "git"
2024-09-30 13:12:59.192 [info] [Model][doInitialScan] Initial repository scan started
2024-09-30 13:12:59.192 [info] [Model][doInitialScan] Initial repository scan completed - repositories (0), closed repositories (0), parent repositories (0), unsafe repositories (0)
2024-09-30 13:13:13.382 [info] [main] Log level: Info
2024-09-30 13:13:13.382 [info] [main] Validating found git in: "git"
2024-09-30 13:13:13.382 [info] [main] Using git "2.43.5" from "git"
2024-09-30 13:13:13.382 [info] [Model][doInitialScan] Initial repository scan started
2024-09-30 13:13:13.382 [info] > git rev-parse --show-toplevel [5ms]
2024-09-30 13:13:13.382 [info] fatal: not a git repository (or any of the parent directories): .git
2024-09-30 13:13:13.385 [info] > git rev-parse --show-toplevel [1ms]
2024-09-30 13:13:13.385 [info] fatal: not a git repository (or any of the parent directories): .git
2024-09-30 13:13:13.387 [info] [Model][doInitialScan] Initial repository scan completed - repositories (0), closed repositories (0), parent repositories (0), unsafe repositories (0)
2024-09-30 13:13:15.782 [info] > git rev-parse --show-toplevel [2ms]
2024-09-30 13:13:15.782 [info] fatal: not a git repository (or any of the parent directories): .git
2024-09-30 13:13:20.104 [info] > git rev-parse --show-toplevel [2ms]
2024-09-30 13:13:20.104 [info] fatal: not a git repository (or any of the parent directories): .git
2024-09-30 13:13:38.982 [info] > git rev-parse --show-toplevel [2ms]
2024-09-30 13:13:38.982 [info] fatal: not a git repository (or any of the parent directories): .git
2024-09-30 13:39:55.782 [info] > git rev-parse --show-toplevel [1ms]
2024-09-30 13:39:55.782 [info] fatal: not a git repository (or any of the parent directories): .git
2024-09-30 13:44:27.238 [info] > git rev-parse --show-toplevel [1ms]
2024-09-30 13:44:27.239 [info] fatal: not a git repository (or any of the parent directories): .git
2024-09-30 14:15:40.115 [info] > git rev-parse --show-toplevel [2ms]
2024-09-30 14:15:40.115 [info] fatal: not a git repository (or any of the parent directories): .git
2024-09-30 14:16:00.687 [info] > git rev-parse --show-toplevel [1ms]
2024-09-30 14:16:00.687 [info] fatal: not a git repository (or any of the parent directories): .git
2024-09-30 14:16:03.580 [info] > git rev-parse --show-toplevel [1ms]
2024-09-30 14:16:03.580 [info] fatal: not a git repository (or any of the parent directories): .git
2024-09-30 14:20:25.625 [info] > git rev-parse --show-toplevel [1ms]
2024-09-30 14:20:25.626 [info] fatal: not a git repository (or any of the parent directories): .git
2024-09-30 14:20:26.873 [info] > git rev-parse --show-toplevel [3ms]
2024-09-30 14:20:26.873 [info] fatal: not a git repository (or any of the parent directories): .git
2024-09-30 14:20:31.779 [info] > git rev-parse --show-toplevel [1ms]
2024-09-30 14:20:31.779 [info] fatal: not a git repository (or any of the parent directories): .git
2024-09-30 14:20:57.149 [info] > git rev-parse --show-toplevel [2ms]
2024-09-30 14:20:57.149 [info] fatal: not a git repository (or any of the parent directories): .git
2024-09-30 14:20:58.815 [info] > git rev-parse --show-toplevel [1ms]
2024-09-30 14:20:58.815 [info] fatal: not a git repository (or any of the parent directories): .git
2024-09-30 14:20:59.866 [info] > git rev-parse --show-toplevel [1ms]
2024-09-30 14:20:59.866 [info] fatal: not a git repository (or any of the parent directories): .git
2024-09-30 14:21:02.254 [info] > git rev-parse --show-toplevel [2ms]
2024-09-30 14:21:02.254 [info] fatal: not a git repository (or any of the parent directories): .git
2024-09-30 14:21:04.621 [info] > git rev-parse --show-toplevel [1ms]
2024-09-30 14:21:04.621 [info] fatal: not a git repository (or any of the parent directories): .git
2024-09-30 14:21:05.238 [info] > git rev-parse --show-toplevel [3ms]
2024-09-30 14:21:05.238 [info] fatal: not a git repository (or any of the parent directories): .git
2024-09-30 14:21:13.242 [info] > git rev-parse --show-toplevel [1ms]
2024-09-30 14:21:13.242 [info] fatal: not a git repository (or any of the parent directories): .git
2024-09-30 14:24:01.491 [info] > git rev-parse --show-toplevel [2ms]
2024-09-30 14:24:01.491 [info] fatal: not a git repository (or any of the parent directories): .git
2024-09-30 14:24:48.820 [info] > git rev-parse --show-toplevel [1ms]
2024-09-30 14:24:48.820 [info] fatal: not a git repository (or any of the parent directories): .git
2024-09-30 14:24:51.949 [info] > git rev-parse --show-toplevel [2ms]
2024-09-30 14:24:51.949 [info] fatal: not a git repository (or any of the parent directories): .git
