2024-10-02 11:47:09.725 [info] Extension host with pid 3938 started
2024-10-02 11:47:09.738 [info] ExtensionService#_doActivateExtension vscode.git-base, startup: true, activationEvent: '*', root cause: vscode.git
2024-10-02 11:47:09.801 [info] ExtensionService#_doActivateExtension vscode.git, startup: true, activationEvent: '*'
2024-10-02 11:47:09.855 [info] ExtensionService#_doActivateExtension vscode.github, startup: true, activationEvent: '*'
2024-10-02 11:47:09.935 [info] Eager extensions activated
2024-10-02 11:47:10.061 [info] ExtensionService#_doActivateExtension vscode.debug-auto-launch, startup: false, activationEvent: 'onStartupFinished'
2024-10-02 11:47:10.063 [info] ExtensionService#_doActivateExtension vscode.merge-conflict, startup: false, activationEvent: 'onStartupFinished'
2024-10-02 11:47:17.897 [info] Extension host terminating: renderer closed the MessagePort
2024-10-02 11:47:17.904 [info] Extension host with pid 3938 exiting with code 0
2024-10-02 11:47:18.530 [info] Extension host with pid 4076 started
2024-10-02 11:47:18.530 [info] Skipping acquiring lock for /root/shell/project01/~/vscode/User/workspaceStorage/8da2da5a1beb70fd69a094351d610fc3.
2024-10-02 11:47:18.577 [info] ExtensionService#_doActivateExtension vscode.git-base, startup: true, activationEvent: '*'
2024-10-02 11:47:18.602 [info] ExtensionService#_doActivateExtension vscode.github, startup: true, activationEvent: '*'
2024-10-02 11:47:18.637 [info] Eager extensions activated
2024-10-02 11:47:18.639 [info] ExtensionService#_doActivateExtension vscode.debug-auto-launch, startup: false, activationEvent: 'onStartupFinished'
2024-10-02 11:47:18.641 [info] ExtensionService#_doActivateExtension vscode.merge-conflict, startup: false, activationEvent: 'onStartupFinished'
2024-10-02 11:47:21.376 [info] ExtensionService#_doActivateExtension vscode.git, startup: false, activationEvent: 'api', root cause: vscode.github
2024-10-02 11:49:13.804 [info] ExtensionService#_doActivateExtension mads-hartmann.bash-ide-vscode, startup: false, activationEvent: 'onLanguage:shellscript'
2024-10-02 11:49:13.901 [info] ExtensionService#_doActivateExtension vscode.emmet, startup: false, activationEvent: 'onLanguage'
2024-10-02 11:49:40.756 [info] ExtensionService#_doActivateExtension vscode.configuration-editing, startup: false, activationEvent: 'onLanguage:jsonc'
2024-10-02 11:49:40.766 [info] ExtensionService#_doActivateExtension vscode.json-language-features, startup: false, activationEvent: 'onLanguage:jsonc'
2024-10-02 11:49:40.804 [info] ExtensionService#_doActivateExtension vscode.typescript-language-features, startup: false, activationEvent: 'onLanguage:jsonc'
