2024-10-02 11:47:09.937 [info] [main] Log level: Info
2024-10-02 11:47:09.937 [info] [main] Validating found git in: "git"
2024-10-02 11:47:09.937 [info] [main] Using git "2.43.5" from "git"
2024-10-02 11:47:09.937 [info] [Model][doInitialScan] Initial repository scan started
2024-10-02 11:47:09.937 [info] [Model][doInitialScan] Initial repository scan completed - repositories (0), closed repositories (0), parent repositories (0), unsafe repositories (0)
2024-10-02 11:47:21.464 [info] [main] Log level: Info
2024-10-02 11:47:21.464 [info] [main] Validating found git in: "git"
2024-10-02 11:47:21.464 [info] [main] Using git "2.43.5" from "git"
2024-10-02 11:47:21.464 [info] [Model][doInitialScan] Initial repository scan started
2024-10-02 11:47:21.468 [info] > git rev-parse --show-toplevel [4ms]
2024-10-02 11:47:21.468 [info] fatal: not a git repository (or any of the parent directories): .git
2024-10-02 11:47:21.473 [info] > git rev-parse --show-toplevel [2ms]
2024-10-02 11:47:21.473 [info] fatal: not a git repository (or any of the parent directories): .git
2024-10-02 11:47:21.476 [info] > git rev-parse --show-toplevel [1ms]
2024-10-02 11:47:21.476 [info] fatal: not a git repository (or any of the parent directories): .git
2024-10-02 11:47:21.478 [info] [Model][doInitialScan] Initial repository scan completed - repositories (0), closed repositories (0), parent repositories (0), unsafe repositories (0)
2024-10-02 11:49:13.771 [info] > git rev-parse --show-toplevel [1ms]
2024-10-02 11:49:13.772 [info] fatal: not a git repository (or any of the parent directories): .git
2024-10-02 11:49:40.919 [info] > git rev-parse --show-toplevel [2ms]
2024-10-02 11:49:40.919 [info] fatal: not a git repository (or any of the parent directories): .git
