[Warn  - 오전 11:49:14] 02:49:14.316 WARNING ⛔️ Environment variable configuration is being deprecated, please use workspace configuration. The following environment variables were used: shfmt
[Info  - 오전 11:49:14] 02:49:14.337 INFO BackgroundAnalysis: resolving glob "**/*@(.sh|.inc|.bash|.command)" inside "file:///root/shell"...
[Info  - 오전 11:49:14] 02:49:14.355 INFO BackgroundAnalysis: Glob resolved with 58 files after 0.018 seconds
[Info  - 오전 11:49:14] 02:49:14.450 INFO BackgroundAnalysis: Completed after 0.113 seconds.
[Warn  - 오전 11:49:14] 02:49:14.844 WARNING ⛔️ ShellCheck: disabling linting as no executable was found at path 'shellcheck'
[Warn  - 오전 11:49:29] 02:49:29.478 WARNING ⛔️ Error while parsing file:///root/shell/ping.sh: syntax error
[Warn  - 오전 11:49:30] 02:49:30.000 WARNING ⛔️ Error while parsing file:///root/shell/ping.sh: syntax error
[Warn  - 오전 11:49:30] 02:49:30.754 WARNING ⛔️ Error while parsing file:///root/shell/ping.sh: syntax error
[Warn  - 오전 11:49:31] 02:49:31.170 WARNING ⛔️ Error while parsing file:///root/shell/ping.sh: syntax error
[Warn  - 오전 11:49:31] 02:49:31.271 WARNING ⛔️ Error while parsing file:///root/shell/ping.sh: syntax error
[Warn  - 오전 11:49:31] 02:49:31.574 WARNING ⛔️ Error while parsing file:///root/shell/ping.sh: syntax error
[Warn  - 오전 11:49:34] 02:49:34.187 WARNING ⛔️ Error while parsing file:///root/shell/ping.sh: syntax error
[Warn  - 오전 11:49:35] 02:49:35.152 WARNING ⛔️ Error while parsing file:///root/shell/ping.sh: syntax error
[Warn  - 오전 11:49:46] 02:49:46.383 WARNING ⛔️ Error while parsing file:///root/shell/ping.sh: syntax error
[Warn  - 오전 11:49:46] 02:49:46.832 WARNING ⛔️ Error while parsing file:///root/shell/ping.sh: syntax error
[Warn  - 오전 11:49:47] 02:49:47.961 WARNING ⛔️ Error while parsing file:///root/shell/ping.sh: syntax error
[Warn  - 오전 11:49:48] 02:49:48.337 WARNING ⛔️ Error while parsing file:///root/shell/ping.sh: syntax error
[Warn  - 오전 11:49:49] 02:49:49.609 WARNING ⛔️ Error while parsing file:///root/shell/ping.sh: syntax error
[Warn  - 오전 11:49:49] 02:49:49.846 WARNING ⛔️ Error while parsing file:///root/shell/ping.sh: syntax error
[Warn  - 오전 11:49:49] 02:49:49.975 WARNING ⛔️ Error while parsing file:///root/shell/ping.sh: syntax error
[Warn  - 오전 11:49:50] 02:49:50.185 WARNING ⛔️ Error while parsing file:///root/shell/ping.sh: syntax error
[Warn  - 오전 11:49:51] 02:49:51.583 WARNING ⛔️ Error while parsing file:///root/shell/ping.sh: syntax error
[Warn  - 오전 11:49:52] 02:49:52.647 WARNING ⛔️ Error while parsing file:///root/shell/ping.sh: syntax error
[Warn  - 오전 11:49:53] 02:49:53.329 WARNING ⛔️ Error while parsing file:///root/shell/ping.sh: syntax error
[Warn  - 오전 11:49:54] 02:49:54.234 WARNING ⛔️ Error while parsing file:///root/shell/ping.sh: syntax error
[Warn  - 오전 11:49:54] 02:49:54.355 WARNING ⛔️ Error while parsing file:///root/shell/ping.sh: syntax error
[Warn  - 오전 11:49:54] 02:49:54.480 WARNING ⛔️ Error while parsing file:///root/shell/ping.sh: syntax error
[Warn  - 오전 11:49:55] 02:49:55.758 WARNING ⛔️ Error while parsing file:///root/shell/ping.sh: syntax error
[Warn  - 오전 11:49:56] 02:49:56.744 WARNING ⛔️ Error while parsing file:///root/shell/ping.sh: syntax error
[Warn  - 오전 11:50:00] 02:50:00.695 WARNING ⛔️ Error while parsing file:///root/shell/ping.sh: syntax error
[Warn  - 오전 11:50:01] 02:50:01.511 WARNING ⛔️ Error while parsing file:///root/shell/ping.sh: syntax error
[Warn  - 오전 11:50:03] 02:50:03.007 WARNING ⛔️ Error while parsing file:///root/shell/ping.sh: syntax error
[Warn  - 오전 11:50:03] 02:50:03.920 WARNING ⛔️ Error while parsing file:///root/shell/ping.sh: syntax error
[Warn  - 오전 11:50:06] 02:50:06.439 WARNING ⛔️ Error while parsing file:///root/shell/ping.sh: syntax error
[Warn  - 오전 11:50:08] 02:50:08.215 WARNING ⛔️ Error while parsing file:///root/shell/ping.sh: syntax error
[Warn  - 오전 11:50:08] 02:50:08.631 WARNING ⛔️ Error while parsing file:///root/shell/ping.sh: syntax error
[Warn  - 오전 11:50:08] 02:50:08.692 WARNING ⛔️ Error while parsing file:///root/shell/ping.sh: syntax error
[Warn  - 오전 11:50:08] 02:50:08.897 WARNING ⛔️ Error while parsing file:///root/shell/ping.sh: syntax error
[Warn  - 오전 11:50:10] 02:50:10.216 WARNING ⛔️ Error while parsing file:///root/shell/ping.sh: syntax error
[Warn  - 오전 11:50:10] 02:50:10.231 WARNING ⛔️ Error while parsing file:///root/shell/ping.sh: syntax error
[Warn  - 오전 11:50:11] 02:50:11.568 WARNING ⛔️ Error while parsing file:///root/shell/ping.sh: syntax error
[Warn  - 오전 11:50:11] 02:50:11.670 WARNING ⛔️ Error while parsing file:///root/shell/ping.sh: syntax error
[Warn  - 오전 11:50:11] 02:50:11.982 WARNING ⛔️ Error while parsing file:///root/shell/ping.sh: syntax error
[Warn  - 오전 11:50:12] 02:50:12.879 WARNING ⛔️ Error while parsing file:///root/shell/ping.sh: syntax error
[Warn  - 오전 11:50:14] 02:50:14.464 WARNING ⛔️ Error while parsing file:///root/shell/ping.sh: syntax error
[Warn  - 오전 11:50:14] 02:50:14.484 WARNING ⛔️ Error while parsing file:///root/shell/ping.sh: syntax error
[Warn  - 오전 11:50:14] 02:50:14.735 WARNING ⛔️ Error while parsing file:///root/shell/ping.sh: syntax error
[Warn  - 오전 11:50:15] 02:50:15.654 WARNING ⛔️ Error while parsing file:///root/shell/ping.sh: syntax error
[Warn  - 오전 11:50:15] 02:50:15.680 WARNING ⛔️ Error while parsing file:///root/shell/ping.sh: syntax error
[Warn  - 오전 11:50:16] 02:50:16.016 WARNING ⛔️ Error while parsing file:///root/shell/ping.sh: syntax error
[Warn  - 오전 11:50:16] 02:50:16.134 WARNING ⛔️ Error while parsing file:///root/shell/ping.sh: syntax error
[Warn  - 오전 11:50:16] 02:50:16.216 WARNING ⛔️ Error while parsing file:///root/shell/ping.sh: syntax error
[Warn  - 오전 11:51:01] 02:51:01.985 WARNING ⛔️ Error while parsing file:///root/shell/ping.sh: syntax error
[Warn  - 오전 11:51:02] 02:51:02.358 WARNING ⛔️ Error while parsing file:///root/shell/ping.sh: syntax error
[Warn  - 오전 11:51:06] 02:51:06.239 WARNING ⛔️ Error while parsing file:///root/shell/ping.sh: syntax error
[Warn  - 오전 11:51:09] 02:51:09.424 WARNING ⛔️ Error while parsing file:///root/shell/ping.sh: syntax error
[Warn  - 오전 11:51:12] 02:51:12.822 WARNING ⛔️ Error while parsing file:///root/shell/ping.sh: syntax error
[Warn  - 오전 11:51:13] 02:51:13.239 WARNING ⛔️ Error while parsing file:///root/shell/ping.sh: syntax error
[Warn  - 오전 11:51:13] 02:51:13.593 WARNING ⛔️ Error while parsing file:///root/shell/ping.sh: syntax error
[Warn  - 오전 11:51:14] 02:51:14.055 WARNING ⛔️ Error while parsing file:///root/shell/ping.sh: syntax error
[Warn  - 오전 11:51:15] 02:51:15.390 WARNING ⛔️ Error while parsing file:///root/shell/ping.sh: syntax error
[Warn  - 오전 11:51:16] 02:51:16.167 WARNING ⛔️ Error while parsing file:///root/shell/ping.sh: syntax error
[Warn  - 오전 11:51:16] 02:51:16.439 WARNING ⛔️ Error while parsing file:///root/shell/ping.sh: syntax error
[Warn  - 오전 11:51:16] 02:51:16.889 WARNING ⛔️ Error while parsing file:///root/shell/ping.sh: syntax error
[Warn  - 오전 11:51:16] 02:51:16.994 WARNING ⛔️ Error while parsing file:///root/shell/ping.sh: syntax error
[Warn  - 오전 11:51:17] 02:51:17.455 WARNING ⛔️ Error while parsing file:///root/shell/ping.sh: syntax error
[Warn  - 오전 11:51:18] 02:51:18.503 WARNING ⛔️ Error while parsing file:///root/shell/ping.sh: syntax error
[Warn  - 오전 11:51:19] 02:51:19.912 WARNING ⛔️ Error while parsing file:///root/shell/ping.sh: syntax error
[Warn  - 오전 11:51:20] 02:51:20.462 WARNING ⛔️ Error while parsing file:///root/shell/ping.sh: syntax error
[Warn  - 오전 11:51:20] 02:51:20.915 WARNING ⛔️ Error while parsing file:///root/shell/ping.sh: syntax error
[Warn  - 오전 11:51:21] 02:51:21.015 WARNING ⛔️ Error while parsing file:///root/shell/ping.sh: syntax error
[Warn  - 오전 11:51:21] 02:51:21.357 WARNING ⛔️ Error while parsing file:///root/shell/ping.sh: syntax error
[Warn  - 오전 11:51:22] 02:51:22.834 WARNING ⛔️ Error while parsing file:///root/shell/ping.sh: syntax error
[Warn  - 오전 11:51:22] 02:51:22.967 WARNING ⛔️ Error while parsing file:///root/shell/ping.sh: syntax error
[Warn  - 오전 11:51:23] 02:51:23.063 WARNING ⛔️ Error while parsing file:///root/shell/ping.sh: syntax error
[Warn  - 오전 11:51:23] 02:51:23.378 WARNING ⛔️ Error while parsing file:///root/shell/ping.sh: syntax error
[Warn  - 오전 11:51:23] 02:51:23.840 WARNING ⛔️ Error while parsing file:///root/shell/ping.sh: syntax error
[Warn  - 오전 11:51:24] 02:51:24.106 WARNING ⛔️ Error while parsing file:///root/shell/ping.sh: syntax error
[Warn  - 오전 11:55:27] 02:55:27.319 WARNING ⛔️ Error while parsing file:///root/shell/ping.sh: syntax error
[Warn  - 오전 11:55:28] 02:55:28.447 WARNING ⛔️ Error while parsing file:///root/shell/ping.sh: syntax error
[Warn  - 오전 11:55:29] 02:55:29.159 WARNING ⛔️ Error while parsing file:///root/shell/ping.sh: syntax error
[Warn  - 오전 11:55:30] 02:55:30.071 WARNING ⛔️ Error while parsing file:///root/shell/ping.sh: syntax error
[Warn  - 오전 11:55:30] 02:55:30.445 WARNING ⛔️ Error while parsing file:///root/shell/ping.sh: syntax error
