2024-09-30 13:12:58.930 [info] Extension host with pid 4115 started
2024-09-30 13:12:58.977 [info] ExtensionService#_doActivateExtension vscode.git-base, startup: true, activationEvent: '*', root cause: vscode.git
2024-09-30 13:12:59.003 [info] ExtensionService#_doActivateExtension vscode.git, startup: true, activationEvent: '*'
2024-09-30 13:12:59.051 [info] ExtensionService#_doActivateExtension vscode.github, startup: true, activationEvent: '*'
2024-09-30 13:12:59.186 [info] Eager extensions activated
2024-09-30 13:12:59.222 [info] ExtensionService#_doActivateExtension vscode.debug-auto-launch, startup: false, activationEvent: 'onStartupFinished'
2024-09-30 13:12:59.225 [info] ExtensionService#_doActivateExtension vscode.merge-conflict, startup: false, activationEvent: 'onStartupFinished'
2024-09-30 13:13:09.749 [info] Extension host terminating: renderer closed the MessagePort
2024-09-30 13:13:09.757 [info] Extension host with pid 4115 exiting with code 0
2024-09-30 13:13:10.341 [info] Extension host with pid 4245 started
2024-09-30 13:13:10.341 [info] Skipping acquiring lock for /root/shell/~/vscode/User/workspaceStorage/8da2da5a1beb70fd69a094351d610fc3.
2024-09-30 13:13:10.360 [info] ExtensionService#_doActivateExtension vscode.git-base, startup: true, activationEvent: '*'
2024-09-30 13:13:10.380 [info] ExtensionService#_doActivateExtension vscode.github, startup: true, activationEvent: '*'
2024-09-30 13:13:10.393 [info] Eager extensions activated
2024-09-30 13:13:10.412 [info] ExtensionService#_doActivateExtension vscode.debug-auto-launch, startup: false, activationEvent: 'onStartupFinished'
2024-09-30 13:13:10.413 [info] ExtensionService#_doActivateExtension vscode.merge-conflict, startup: false, activationEvent: 'onStartupFinished'
2024-09-30 13:13:13.289 [info] ExtensionService#_doActivateExtension vscode.git, startup: false, activationEvent: 'api', root cause: vscode.github
2024-09-30 13:13:15.817 [info] ExtensionService#_doActivateExtension mads-hartmann.bash-ide-vscode, startup: false, activationEvent: 'onLanguage:shellscript'
2024-09-30 13:13:15.922 [info] ExtensionService#_doActivateExtension vscode.emmet, startup: false, activationEvent: 'onLanguage'
2024-09-30 13:13:38.820 [info] ExtensionService#_doActivateExtension vscode.configuration-editing, startup: false, activationEvent: 'onLanguage:jsonc'
2024-09-30 13:13:38.831 [info] ExtensionService#_doActivateExtension vscode.json-language-features, startup: false, activationEvent: 'onLanguage:jsonc'
2024-09-30 13:13:38.868 [info] ExtensionService#_doActivateExtension vscode.typescript-language-features, startup: false, activationEvent: 'onLanguage:jsonc'
